TN:
SF:server/app.js
FNF:0
FNH:0
DA:1,1
DA:2,1
DA:3,1
DA:4,1
DA:5,1
DA:6,1
DA:7,1
DA:8,1
DA:9,1
DA:10,1
DA:11,1
DA:12,1
DA:13,1
DA:14,1
DA:15,1
DA:16,1
DA:17,1
DA:18,1
DA:19,1
DA:20,1
DA:21,1
LF:21
LH:21
BRDA:1,0,0,1
BRDA:17,1,0,1
BRF:2
BRH:2
end_of_record
TN:
SF:server/lib/auth.js
FN:16,getAuth
FN:23,getTokens
FN:30,auth
FNF:3
FNH:3
FNDA:6,getAuth
FNDA:6,getTokens
FNDA:6,auth
DA:1,1
DA:2,1
DA:3,1
DA:4,1
DA:5,1
DA:6,1
DA:7,1
DA:8,1
DA:9,1
DA:10,1
DA:11,1
DA:12,1
DA:13,1
DA:14,1
DA:15,1
DA:16,6
DA:17,6
DA:18,6
DA:19,2
DA:20,2
DA:21,6
DA:22,1
DA:23,6
DA:24,6
DA:25,6
DA:26,6
DA:27,6
DA:28,6
DA:29,1
DA:30,1
DA:31,6
DA:32,6
DA:33,1
DA:34,1
DA:35,6
DA:36,6
DA:37,6
DA:38,6
DA:39,11
DA:40,5
DA:41,5
DA:42,11
DA:43,6
DA:44,6
DA:45,6
DA:46,6
DA:47,5
DA:48,5
DA:49,6
DA:50,1
DA:51,1
DA:52,6
LF:52
LH:52
BRDA:1,0,0,1
BRDA:16,1,0,6
BRDA:18,2,0,2
BRDA:18,3,0,2
BRDA:23,4,0,6
BRDA:30,5,0,6
BRDA:32,6,0,1
BRDA:32,7,0,1
BRDA:38,8,0,11
BRDA:39,9,0,5
BRDA:46,10,0,5
BRDA:46,11,0,5
BRDA:49,12,0,1
BRF:13
BRH:13
end_of_record
TN:
SF:server/middleware/close.js
FN:4,close
FNF:1
FNH:1
FNDA:4,close
DA:1,1
DA:2,1
DA:3,1
DA:4,1
DA:5,1
DA:6,1
DA:7,1
DA:8,4
LF:8
LH:8
BRDA:1,0,0,1
BRDA:4,1,0,4
BRDA:6,2,0,1
BRF:3
BRH:3
end_of_record
TN:
SF:server/middleware/message.js
FN:10,prepare
FN:29,message
FNF:2
FNH:2
FNDA:6,prepare
FNDA:6,message
DA:1,1
DA:2,1
DA:3,1
DA:4,1
DA:5,1
DA:6,1
DA:7,1
DA:8,1
DA:9,1
DA:10,6
DA:11,6
DA:12,6
DA:13,6
DA:14,6
DA:15,6
DA:16,6
DA:17,6
DA:18,6
DA:19,6
DA:20,6
DA:21,6
DA:22,6
DA:23,6
DA:24,6
DA:25,6
DA:26,6
DA:27,6
DA:28,1
DA:29,1
DA:30,6
DA:31,6
DA:32,6
DA:33,2
DA:34,2
DA:35,3
DA:36,6
DA:37,6
DA:38,6
DA:39,6
DA:40,6
DA:41,6
DA:42,6
DA:43,6
DA:44,6
DA:45,1
DA:46,6
DA:47,2
DA:48,2
DA:49,6
DA:50,3
DA:51,3
DA:52,3
DA:53,3
DA:54,3
DA:55,3
DA:56,3
DA:57,3
DA:58,3
DA:59,3
DA:60,6
LF:60
LH:60
BRDA:1,0,0,1
BRDA:10,1,0,6
BRDA:29,2,0,6
BRDA:32,3,0,2
BRDA:33,4,0,1
BRDA:35,5,0,3
BRDA:36,6,0,1
BRDA:36,7,0,2
BRDA:44,8,0,1
BRDA:46,9,0,2
BRDA:49,10,0,3
BRF:11
BRH:11
end_of_record
TN:
SF:server/middleware/open.js
FN:3,open
FNF:1
FNH:1
FNDA:4,open
DA:1,1
DA:2,1
DA:3,1
DA:4,4
DA:5,4
DA:6,4
DA:7,4
DA:8,4
LF:8
LH:8
BRDA:1,0,0,1
BRDA:3,1,0,4
BRF:2
BRH:2
end_of_record
TN:
SF:server/middleware/upgrade.js
FN:4,upgrade
FNF:1
FNH:1
FNDA:6,upgrade
DA:1,1
DA:2,1
DA:3,1
DA:4,1
DA:5,6
DA:6,6
DA:7,6
DA:8,6
DA:9,6
DA:10,1
DA:11,6
DA:12,6
DA:13,6
DA:14,6
DA:15,6
DA:16,6
DA:17,6
DA:18,6
DA:19,6
DA:20,6
DA:21,6
DA:22,6
DA:23,6
DA:24,6
DA:25,6
DA:26,6
DA:27,6
DA:28,6
DA:29,6
DA:30,6
DA:31,6
DA:32,6
DA:33,6
DA:34,5
DA:35,5
DA:36,6
DA:37,6
DA:38,1
DA:39,1
DA:40,1
DA:41,6
DA:42,6
DA:43,6
DA:44,1
DA:45,1
DA:46,1
DA:47,5
DA:48,5
DA:49,5
DA:50,4
DA:51,4
DA:52,4
DA:53,4
DA:54,4
DA:55,4
DA:56,4
DA:57,4
DA:58,4
DA:59,5
DA:60,1
DA:61,1
DA:62,5
DA:63,6
DA:64,6
LF:64
LH:64
BRDA:1,0,0,1
BRDA:4,1,0,6
BRDA:9,2,0,1
BRDA:33,3,0,5
BRDA:37,4,0,1
BRDA:42,5,0,6
BRDA:43,6,0,1
BRDA:47,7,0,5
BRDA:48,8,0,5
BRDA:49,9,0,4
BRDA:59,10,0,1
BRF:11
BRH:11
end_of_record
